# JRE version: Java(TM) SE Runtime Environment (17.0.8+9) (build 17.0.8+9-LTS-211)
# Java VM: Java HotSpot(TM) 64-Bit Server VM (17.0.8+9-LTS-211, mixed mode, sharing, tiered, compressed oops, compressed class ptrs, g1 gc, windows-amd64)
GC Precious Log:
 CPUs: 4 total, 4 available
 Memory: 3970M
 Large Page Support: Disabled
 NUMA Support: Disabled
 Compressed Oops: Enabled (32-bit)
 Heap Region Size: 1M
 Heap Min Capacity: 8M
 Heap Initial Capacity: 64M
 Heap Max Capacity: 994M
 Pre-touch: Disabled
 Parallel Workers: 4
 Concurrent Workers: 1
 Concurrent Refinement Workers: 4
 Periodic GC: Disabled
Heap:
 garbage-first heap   total 65536K, used 42077K [0x00000000c1e00000, 0x0000000100000000)
  region size 1024K, 21 young (21504K), 3 survivors (3072K)
 Metaspace       used 26704K, committed 27136K, reserved 1114112K
  class space    used 2940K, committed 3136K, reserved 1048576K
GC Heap History (20 events):
Event: 9.180 GC heap before
{Heap before GC invocations=3 (full 0):
 garbage-first heap   total 65536K, used 44782K [0x00000000c1e00000, 0x0000000100000000)
  region size 1024K, 37 young (37888K), 3 survivors (3072K)
 Metaspace       used 15270K, committed 15616K, reserved 1114112K
  class space    used 1805K, committed 1984K, reserved 1048576K
}
Event: 9.187 GC heap after
{Heap after GC invocations=4 (full 0):
 garbage-first heap   total 65536K, used 12203K [0x00000000c1e00000, 0x0000000100000000)
  region size 1024K, 5 young (5120K), 5 survivors (5120K)
 Metaspace       used 15270K, committed 15616K, reserved 1114112K
  class space    used 1805K, committed 1984K, reserved 1048576K
}
Event: 11.213 GC heap before
{Heap before GC invocations=4 (full 0):
 garbage-first heap   total 65536K, used 45995K [0x00000000c1e00000, 0x0000000100000000)
  region size 1024K, 38 young (38912K), 5 survivors (5120K)
 Metaspace       used 19206K, committed 19520K, reserved 1114112K
  class space    used 2242K, committed 2368K, reserved 1048576K
}
Event: 11.224 GC heap after
{Heap after GC invocations=5 (full 0):
 garbage-first heap   total 65536K, used 14825K [0x00000000c1e00000, 0x0000000100000000)
  region size 1024K, 5 young (5120K), 5 survivors (5120K)
 Metaspace       used 19206K, committed 19520K, reserved 1114112K
  class space    used 2242K, committed 2368K, reserved 1048576K
}
Event: 12.043 GC heap before
{Heap before GC invocations=5 (full 0):
 garbage-first heap   total 65536K, used 47593K [0x00000000c1e00000, 0x0000000100000000)
  region size 1024K, 37 young (37888K), 5 survivors (5120K)
 Metaspace       used 19568K, committed 19968K, reserved 1114112K
  class space    used 2248K, committed 2432K, reserved 1048576K
}
Event: 12.056 GC heap after
{Heap after GC invocations=6 (full 0):
 garbage-first heap   total 65536K, used 16665K [0x00000000c1e00000, 0x0000000100000000)
  region size 1024K, 5 young (5120K), 5 survivors (5120K)
 Metaspace       used 19568K, committed 19968K, reserved 1114112K
  class space    used 2248K, committed 2432K, reserved 1048576K
}
Event: 13.061 GC heap before
{Heap before GC invocations=6 (full 0):
 garbage-first heap   total 65536K, used 49433K [0x00000000c1e00000, 0x0000000100000000)
  region size 1024K, 37 young (37888K), 5 survivors (5120K)
 Metaspace       used 19789K, committed 20096K, reserved 1114112K
  class space    used 2250K, committed 2432K, reserved 1048576K
}
Event: 13.070 GC heap after
{Heap after GC invocations=7 (full 0):
 garbage-first heap   total 65536K, used 18643K [0x00000000c1e00000, 0x0000000100000000)
  region size 1024K, 4 young (4096K), 4 survivors (4096K)
 Metaspace       used 19789K, committed 20096K, reserved 1114112K
  class space    used 2250K, committed 2432K, reserved 1048576K
}
Event: 14.458 GC heap before
{Heap before GC invocations=7 (full 0):
 garbage-first heap   total 65536K, used 49363K [0x00000000c1e00000, 0x0000000100000000)
  region size 1024K, 34 young (34816K), 4 survivors (4096K)
 Metaspace       used 20497K, committed 20864K, reserved 1114112K
  class space    used 2307K, committed 2496K, reserved 1048576K
}
Event: 14.465 GC heap after
{Heap after GC invocations=8 (full 0):
 garbage-first heap   total 65536K, used 20473K [0x00000000c1e00000, 0x0000000100000000)
  region size 1024K, 4 young (4096K), 4 survivors (4096K)
 Metaspace       used 20497K, committed 20864K, reserved 1114112K
  class space    used 2307K, committed 2496K, reserved 1048576K
}
Event: 14.827 GC heap before
{Heap before GC invocations=8 (full 0):
 garbage-first heap   total 65536K, used 28665K [0x00000000c1e00000, 0x0000000100000000)
  region size 1024K, 13 young (13312K), 4 survivors (4096K)
 Metaspace       used 21181K, committed 21504K, reserved 1114112K
  class space    used 2381K, committed 2560K, reserved 1048576K
}
Event: 14.835 GC heap after
{Heap after GC invocations=9 (full 0):
 garbage-first heap   total 65536K, used 21113K [0x00000000c1e00000, 0x0000000100000000)
  region size 1024K, 3 young (3072K), 3 survivors (3072K)
 Metaspace       used 21181K, committed 21504K, reserved 1114112K
  class space    used 2381K, committed 2560K, reserved 1048576K
}
Event: 20.745 GC heap before
{Heap before GC invocations=10 (full 0):
 garbage-first heap   total 65536K, used 50809K [0x00000000c1e00000, 0x0000000100000000)
  region size 1024K, 32 young (32768K), 3 survivors (3072K)
 Metaspace       used 22451K, committed 22848K, reserved 1114112K
  class space    used 2492K, committed 2688K, reserved 1048576K
}
Event: 20.751 GC heap after
{Heap after GC invocations=11 (full 0):
 garbage-first heap   total 65536K, used 22783K [0x00000000c1e00000, 0x0000000100000000)
  region size 1024K, 3 young (3072K), 3 survivors (3072K)
 Metaspace       used 22451K, committed 22848K, reserved 1114112K
  class space    used 2492K, committed 2688K, reserved 1048576K
}
Event: 20.775 GC heap before
{Heap before GC invocations=11 (full 0):
 garbage-first heap   total 65536K, used 22783K [0x00000000c1e00000, 0x0000000100000000)
  region size 1024K, 4 young (4096K), 3 survivors (3072K)
 Metaspace       used 22451K, committed 22848K, reserved 1114112K
  class space    used 2492K, committed 2688K, reserved 1048576K
}
Event: 20.780 GC heap after
{Heap after GC invocations=12 (full 0):
 garbage-first heap   total 65536K, used 22654K [0x00000000c1e00000, 0x0000000100000000)
  region size 1024K, 1 young (1024K), 1 survivors (1024K)
 Metaspace       used 22451K, committed 22848K, reserved 1114112K
  class space    used 2492K, committed 2688K, reserved 1048576K
}
Event: 21.560 GC heap before
{Heap before GC invocations=12 (full 0):
 garbage-first heap   total 65536K, used 51326K [0x00000000c1e00000, 0x0000000100000000)
  region size 1024K, 29 young (29696K), 1 survivors (1024K)
 Metaspace       used 23876K, committed 24256K, reserved 1114112K
  class space    used 2629K, committed 2816K, reserved 1048576K
}
Event: 21.564 GC heap after
{Heap after GC invocations=13 (full 0):
 garbage-first heap   total 65536K, used 23674K [0x00000000c1e00000, 0x0000000100000000)
  region size 1024K, 2 young (2048K), 2 survivors (2048K)
 Metaspace       used 23876K, committed 24256K, reserved 1114112K
  class space    used 2629K, committed 2816K, reserved 1048576K
}
Event: 22.345 GC heap before
{Heap before GC invocations=13 (full 0):
 garbage-first heap   total 65536K, used 51322K [0x00000000c1e00000, 0x0000000100000000)
  region size 1024K, 30 young (30720K), 2 survivors (2048K)
 Metaspace       used 25368K, committed 25856K, reserved 1114112K
  class space    used 2795K, committed 3008K, reserved 1048576K
}
Event: 22.349 GC heap after
{Heap after GC invocations=14 (full 0):
 garbage-first heap   total 65536K, used 24669K [0x00000000c1e00000, 0x0000000100000000)
  region size 1024K, 3 young (3072K), 3 survivors (3072K)
 Metaspace       used 25368K, committed 25856K, reserved 1114112K
  class space    used 2795K, committed 3008K, reserved 1048576K
}

