# JRE version: Java(TM) SE Runtime Environment (17.0.8+9) (build 17.0.8+9-LTS-211)
# Java VM: Java HotSpot(TM) 64-Bit Server VM (17.0.8+9-LTS-211, mixed mode, sharing, tiered, compressed oops, compressed class ptrs, g1 gc, windows-amd64)
GC Precious Log:
 CPUs: 4 total, 4 available
 Memory: 3970M
 Large Page Support: Disabled
 NUMA Support: Disabled
 Compressed Oops: Enabled (32-bit)
 Heap Region Size: 1M
 Heap Min Capacity: 8M
 Heap Initial Capacity: 64M
 Heap Max Capacity: 994M
 Pre-touch: Disabled
 Parallel Workers: 4
 Concurrent Workers: 1
 Concurrent Refinement Workers: 4
 Periodic GC: Disabled
Heap:
 garbage-first heap   total 65536K, used 18320K [0x00000000c1e00000, 0x0000000100000000)
  region size 1024K, 12 young (12288K), 5 survivors (5120K)
 Metaspace       used 16134K, committed 16448K, reserved 1114112K
  class space    used 1938K, committed 2112K, reserved 1048576K
GC Heap History (8 events):
Event: 14.228 GC heap before
{Heap before GC invocations=0 (full 0):
 garbage-first heap   total 65536K, used 17408K [0x00000000c1e00000, 0x0000000100000000)
  region size 1024K, 13 young (13312K), 0 survivors (0K)
 Metaspace       used 4119K, committed 4352K, reserved 1114112K
  class space    used 430K, committed 576K, reserved 1048576K
}
Event: 14.273 GC heap after
{Heap after GC invocations=1 (full 0):
 garbage-first heap   total 65536K, used 7408K [0x00000000c1e00000, 0x0000000100000000)
  region size 1024K, 2 young (2048K), 2 survivors (2048K)
 Metaspace       used 4119K, committed 4352K, reserved 1114112K
  class space    used 430K, committed 576K, reserved 1048576K
}
Event: 17.772 GC heap before
{Heap before GC invocations=1 (full 0):
 garbage-first heap   total 65536K, used 18672K [0x00000000c1e00000, 0x0000000100000000)
  region size 1024K, 14 young (14336K), 2 survivors (2048K)
 Metaspace       used 5517K, committed 5760K, reserved 1114112K
  class space    used 552K, committed 640K, reserved 1048576K
}
Event: 17.777 GC heap after
{Heap after GC invocations=2 (full 0):
 garbage-first heap   total 65536K, used 8343K [0x00000000c1e00000, 0x0000000100000000)
  region size 1024K, 1 young (1024K), 1 survivors (1024K)
 Metaspace       used 5517K, committed 5760K, reserved 1114112K
  class space    used 552K, committed 640K, reserved 1048576K
}
Event: 19.564 GC heap before
{Heap before GC invocations=2 (full 0):
 garbage-first heap   total 65536K, used 30871K [0x00000000c1e00000, 0x0000000100000000)
  region size 1024K, 24 young (24576K), 1 survivors (1024K)
 Metaspace       used 9561K, committed 9856K, reserved 1114112K
  class space    used 1072K, committed 1216K, reserved 1048576K
}
Event: 19.569 GC heap after
{Heap after GC invocations=3 (full 0):
 garbage-first heap   total 65536K, used 10031K [0x00000000c1e00000, 0x0000000100000000)
  region size 1024K, 3 young (3072K), 3 survivors (3072K)
 Metaspace       used 9561K, committed 9856K, reserved 1114112K
  class space    used 1072K, committed 1216K, reserved 1048576K
}
Event: 22.490 GC heap before
{Heap before GC invocations=3 (full 0):
 garbage-first heap   total 65536K, used 43823K [0x00000000c1e00000, 0x0000000100000000)
  region size 1024K, 36 young (36864K), 3 survivors (3072K)
 Metaspace       used 14909K, committed 15232K, reserved 1114112K
  class space    used 1757K, committed 1920K, reserved 1048576K
}
Event: 22.498 GC heap after
{Heap after GC invocations=4 (full 0):
 garbage-first heap   total 65536K, used 12176K [0x00000000c1e00000, 0x0000000100000000)
  region size 1024K, 5 young (5120K), 5 survivors (5120K)
 Metaspace       used 14909K, committed 15232K, reserved 1114112K
  class space    used 1757K, committed 1920K, reserved 1048576K
}

