# JRE version: Java(TM) SE Runtime Environment (17.0.8+9) (build 17.0.8+9-LTS-211)
# Java VM: Java HotSpot(TM) 64-Bit Server VM (17.0.8+9-LTS-211, mixed mode, sharing, tiered, compressed oops, compressed class ptrs, g1 gc, windows-amd64)
GC Precious Log:
 CPUs: 4 total, 4 available
 Memory: 3970M
 Large Page Support: Disabled
 NUMA Support: Disabled
 Compressed Oops: Enabled (32-bit)
 Heap Region Size: 1M
 Heap Min Capacity: 8M
 Heap Initial Capacity: 64M
 Heap Max Capacity: 994M
 Pre-touch: Disabled
 Parallel Workers: 4
 Concurrent Workers: 1
 Concurrent Refinement Workers: 4
 Periodic GC: Disabled
Heap:
 garbage-first heap   total 65536K, used 23384K [0x00000000c1e00000, 0x0000000100000000)
  region size 1024K, 13 young (13312K), 3 survivors (3072K)
 Metaspace       used 17412K, committed 17600K, reserved 1114112K
  class space    used 2156K, committed 2240K, reserved 1048576K
GC Heap History (6 events):
Event: 5.104 GC heap before
{Heap before GC invocations=0 (full 0):
 garbage-first heap   total 65536K, used 14336K [0x00000000c1e00000, 0x0000000100000000)
  region size 1024K, 13 young (13312K), 0 survivors (0K)
 Metaspace       used 3317K, committed 3456K, reserved 1114112K
  class space    used 384K, committed 448K, reserved 1048576K
}
Event: 5.116 GC heap after
{Heap after GC invocations=1 (full 0):
 garbage-first heap   total 65536K, used 5555K [0x00000000c1e00000, 0x0000000100000000)
  region size 1024K, 2 young (2048K), 2 survivors (2048K)
 Metaspace       used 3317K, committed 3456K, reserved 1114112K
  class space    used 384K, committed 448K, reserved 1048576K
}
Event: 5.756 GC heap before
{Heap before GC invocations=1 (full 0):
 garbage-first heap   total 65536K, used 15795K [0x00000000c1e00000, 0x0000000100000000)
  region size 1024K, 12 young (12288K), 2 survivors (2048K)
 Metaspace       used 7116K, committed 7360K, reserved 1114112K
  class space    used 864K, committed 960K, reserved 1048576K
}
Event: 5.768 GC heap after
{Heap after GC invocations=2 (full 0):
 garbage-first heap   total 65536K, used 7011K [0x00000000c1e00000, 0x0000000100000000)
  region size 1024K, 2 young (2048K), 2 survivors (2048K)
 Metaspace       used 7116K, committed 7360K, reserved 1114112K
  class space    used 864K, committed 960K, reserved 1048576K
}
Event: 7.302 GC heap before
{Heap before GC invocations=2 (full 0):
 garbage-first heap   total 65536K, used 28515K [0x00000000c1e00000, 0x0000000100000000)
  region size 1024K, 23 young (23552K), 2 survivors (2048K)
 Metaspace       used 15003K, committed 15232K, reserved 1114112K
  class space    used 1821K, committed 1920K, reserved 1048576K
}
Event: 7.315 GC heap after
{Heap after GC invocations=3 (full 0):
 garbage-first heap   total 65536K, used 9048K [0x00000000c1e00000, 0x0000000100000000)
  region size 1024K, 3 young (3072K), 3 survivors (3072K)
 Metaspace       used 15003K, committed 15232K, reserved 1114112K
  class space    used 1821K, committed 1920K, reserved 1048576K
}

