# JRE version: Java(TM) SE Runtime Environment (17.0.8+9) (build 17.0.8+9-LTS-211)
# Java VM: Java HotSpot(TM) 64-Bit Server VM (17.0.8+9-LTS-211, mixed mode, sharing, tiered, compressed oops, compressed class ptrs, g1 gc, windows-amd64)
GC Precious Log:
 CPUs: 4 total, 4 available
 Memory: 3970M
 Large Page Support: Disabled
 NUMA Support: Disabled
 Compressed Oops: Enabled (32-bit)
 Heap Region Size: 1M
 Heap Min Capacity: 8M
 Heap Initial Capacity: 64M
 Heap Max Capacity: 994M
 Pre-touch: Disabled
 Parallel Workers: 4
 Concurrent Workers: 1
 Concurrent Refinement Workers: 4
 Periodic GC: Disabled
Heap:
 garbage-first heap   total 58368K, used 42313K [0x00000000c1e00000, 0x0000000100000000)
  region size 1024K, 24 young (24576K), 2 survivors (2048K)
 Metaspace       used 27812K, committed 28032K, reserved 1114112K
  class space    used 3430K, committed 3520K, reserved 1048576K
GC Heap History (10 events):
Event: 2.128 GC heap before
{Heap before GC invocations=0 (full 0):
 garbage-first heap   total 65536K, used 16384K [0x00000000c1e00000, 0x0000000100000000)
  region size 1024K, 13 young (13312K), 0 survivors (0K)
 Metaspace       used 1721K, committed 1856K, reserved 1114112K
  class space    used 156K, committed 192K, reserved 1048576K
}
Event: 2.163 GC heap after
{Heap after GC invocations=1 (full 0):
 garbage-first heap   total 65536K, used 9264K [0x00000000c1e00000, 0x0000000100000000)
  region size 1024K, 2 young (2048K), 2 survivors (2048K)
 Metaspace       used 1721K, committed 1856K, reserved 1114112K
  class space    used 156K, committed 192K, reserved 1048576K
}
Event: 3.442 GC heap before
{Heap before GC invocations=1 (full 0):
 garbage-first heap   total 65536K, used 15408K [0x00000000c1e00000, 0x0000000100000000)
  region size 1024K, 8 young (8192K), 2 survivors (2048K)
 Metaspace       used 4845K, committed 5056K, reserved 1114112K
  class space    used 511K, committed 640K, reserved 1048576K
}
Event: 3.448 GC heap after
{Heap after GC invocations=2 (full 0):
 garbage-first heap   total 65536K, used 10173K [0x00000000c1e00000, 0x0000000100000000)
  region size 1024K, 1 young (1024K), 1 survivors (1024K)
 Metaspace       used 4845K, committed 5056K, reserved 1114112K
  class space    used 511K, committed 640K, reserved 1048576K
}
Event: 5.636 GC heap before
{Heap before GC invocations=2 (full 0):
 garbage-first heap   total 65536K, used 27581K [0x00000000c1e00000, 0x0000000100000000)
  region size 1024K, 18 young (18432K), 1 survivors (1024K)
 Metaspace       used 9571K, committed 9856K, reserved 1114112K
  class space    used 1082K, committed 1216K, reserved 1048576K
}
Event: 5.645 GC heap after
{Heap after GC invocations=3 (full 0):
 garbage-first heap   total 65536K, used 11341K [0x00000000c1e00000, 0x0000000100000000)
  region size 1024K, 3 young (3072K), 3 survivors (3072K)
 Metaspace       used 9571K, committed 9856K, reserved 1114112K
  class space    used 1082K, committed 1216K, reserved 1048576K
}
Event: 23.427 GC heap before
{Heap before GC invocations=3 (full 0):
 garbage-first heap   total 65536K, used 40013K [0x00000000c1e00000, 0x0000000100000000)
  region size 1024K, 31 young (31744K), 3 survivors (3072K)
 Metaspace       used 16952K, committed 17216K, reserved 1114112K
  class space    used 2087K, committed 2176K, reserved 1048576K
}
Event: 23.446 GC heap after
{Heap after GC invocations=4 (full 0):
 garbage-first heap   total 65536K, used 13739K [0x00000000c1e00000, 0x0000000100000000)
  region size 1024K, 4 young (4096K), 4 survivors (4096K)
 Metaspace       used 16952K, committed 17216K, reserved 1114112K
  class space    used 2087K, committed 2176K, reserved 1048576K
}
Event: 24.900 GC heap before
{Heap before GC invocations=4 (full 0):
 garbage-first heap   total 65536K, used 26027K [0x00000000c1e00000, 0x0000000100000000)
  region size 1024K, 17 young (17408K), 4 survivors (4096K)
 Metaspace       used 21209K, committed 21504K, reserved 1114112K
  class space    used 2560K, committed 2752K, reserved 1048576K
}
Event: 24.918 GC heap after
{Heap after GC invocations=5 (full 0):
 garbage-first heap   total 65536K, used 15689K [0x00000000c1e00000, 0x0000000100000000)
  region size 1024K, 2 young (2048K), 2 survivors (2048K)
 Metaspace       used 21209K, committed 21504K, reserved 1114112K
  class space    used 2560K, committed 2752K, reserved 1048576K
}

