# JRE version: Java(TM) SE Runtime Environment (17.0.8+9) (build 17.0.8+9-LTS-211)
# Java VM: Java HotSpot(TM) 64-Bit Server VM (17.0.8+9-LTS-211, mixed mode, sharing, tiered, compressed oops, compressed class ptrs, g1 gc, windows-amd64)
GC Precious Log:
 CPUs: 4 total, 4 available
 Memory: 3970M
 Large Page Support: Disabled
 NUMA Support: Disabled
 Compressed Oops: Enabled (32-bit)
 Heap Region Size: 1M
 Heap Min Capacity: 8M
 Heap Initial Capacity: 64M
 Heap Max Capacity: 994M
 Pre-touch: Disabled
 Parallel Workers: 4
 Concurrent Workers: 1
 Concurrent Refinement Workers: 4
 Periodic GC: Disabled
Heap:
 garbage-first heap   total 65536K, used 25894K [0x00000000c1e00000, 0x0000000100000000)
  region size 1024K, 6 young (6144K), 3 survivors (3072K)
 Metaspace       used 25547K, committed 25920K, reserved 1114112K
  class space    used 2807K, committed 3008K, reserved 1048576K
GC Heap History (20 events):
Event: 6.693 GC heap before
{Heap before GC invocations=3 (full 0):
 garbage-first heap   total 65536K, used 40485K [0x00000000c1e00000, 0x0000000100000000)
  region size 1024K, 34 young (34816K), 3 survivors (3072K)
 Metaspace       used 14580K, committed 14976K, reserved 1114112K
  class space    used 1714K, committed 1920K, reserved 1048576K
}
Event: 6.700 GC heap after
{Heap after GC invocations=4 (full 0):
 garbage-first heap   total 65536K, used 11554K [0x00000000c1e00000, 0x0000000100000000)
  region size 1024K, 5 young (5120K), 5 survivors (5120K)
 Metaspace       used 14580K, committed 14976K, reserved 1114112K
  class space    used 1714K, committed 1920K, reserved 1048576K
}
Event: 8.732 GC heap before
{Heap before GC invocations=4 (full 0):
 garbage-first heap   total 65536K, used 45346K [0x00000000c1e00000, 0x0000000100000000)
  region size 1024K, 38 young (38912K), 5 survivors (5120K)
 Metaspace       used 19095K, committed 19520K, reserved 1114112K
  class space    used 2242K, committed 2496K, reserved 1048576K
}
Event: 8.743 GC heap after
{Heap after GC invocations=5 (full 0):
 garbage-first heap   total 65536K, used 14402K [0x00000000c1e00000, 0x0000000100000000)
  region size 1024K, 5 young (5120K), 5 survivors (5120K)
 Metaspace       used 19095K, committed 19520K, reserved 1114112K
  class space    used 2242K, committed 2496K, reserved 1048576K
}
Event: 9.695 GC heap before
{Heap before GC invocations=5 (full 0):
 garbage-first heap   total 65536K, used 46146K [0x00000000c1e00000, 0x0000000100000000)
  region size 1024K, 36 young (36864K), 5 survivors (5120K)
 Metaspace       used 19420K, committed 19840K, reserved 1114112K
  class space    used 2248K, committed 2496K, reserved 1048576K
}
Event: 9.704 GC heap after
{Heap after GC invocations=6 (full 0):
 garbage-first heap   total 65536K, used 15919K [0x00000000c1e00000, 0x0000000100000000)
  region size 1024K, 2 young (2048K), 2 survivors (2048K)
 Metaspace       used 19420K, committed 19840K, reserved 1114112K
  class space    used 2248K, committed 2496K, reserved 1048576K
}
Event: 10.347 GC heap before
{Heap before GC invocations=6 (full 0):
 garbage-first heap   total 65536K, used 48687K [0x00000000c1e00000, 0x0000000100000000)
  region size 1024K, 34 young (34816K), 2 survivors (2048K)
 Metaspace       used 19707K, committed 20096K, reserved 1114112K
  class space    used 2251K, committed 2496K, reserved 1048576K
}
Event: 10.352 GC heap after
{Heap after GC invocations=7 (full 0):
 garbage-first heap   total 65536K, used 17865K [0x00000000c1e00000, 0x0000000100000000)
  region size 1024K, 4 young (4096K), 4 survivors (4096K)
 Metaspace       used 19707K, committed 20096K, reserved 1114112K
  class space    used 2251K, committed 2496K, reserved 1048576K
}
Event: 10.992 GC heap before
{Heap before GC invocations=7 (full 0):
 garbage-first heap   total 65536K, used 49609K [0x00000000c1e00000, 0x0000000100000000)
  region size 1024K, 35 young (35840K), 4 survivors (4096K)
 Metaspace       used 20211K, committed 20608K, reserved 1114112K
  class space    used 2276K, committed 2496K, reserved 1048576K
}
Event: 11.002 GC heap after
{Heap after GC invocations=8 (full 0):
 garbage-first heap   total 65536K, used 19734K [0x00000000c1e00000, 0x0000000100000000)
  region size 1024K, 4 young (4096K), 4 survivors (4096K)
 Metaspace       used 20211K, committed 20608K, reserved 1114112K
  class space    used 2276K, committed 2496K, reserved 1048576K
}
Event: 11.452 GC heap before
{Heap before GC invocations=8 (full 0):
 garbage-first heap   total 65536K, used 32022K [0x00000000c1e00000, 0x0000000100000000)
  region size 1024K, 17 young (17408K), 4 survivors (4096K)
 Metaspace       used 21125K, committed 21504K, reserved 1114112K
  class space    used 2386K, committed 2624K, reserved 1048576K
}
Event: 11.461 GC heap after
{Heap after GC invocations=9 (full 0):
 garbage-first heap   total 65536K, used 20378K [0x00000000c1e00000, 0x0000000100000000)
  region size 1024K, 3 young (3072K), 3 survivors (3072K)
 Metaspace       used 21125K, committed 21504K, reserved 1114112K
  class space    used 2386K, committed 2624K, reserved 1048576K
}
Event: 13.877 GC heap before
{Heap before GC invocations=10 (full 0):
 garbage-first heap   total 65536K, used 50074K [0x00000000c1e00000, 0x0000000100000000)
  region size 1024K, 32 young (32768K), 3 survivors (3072K)
 Metaspace       used 22419K, committed 22848K, reserved 1114112K
  class space    used 2493K, committed 2752K, reserved 1048576K
}
Event: 13.886 GC heap after
{Heap after GC invocations=11 (full 0):
 garbage-first heap   total 65536K, used 22121K [0x00000000c1e00000, 0x0000000100000000)
  region size 1024K, 3 young (3072K), 3 survivors (3072K)
 Metaspace       used 22419K, committed 22848K, reserved 1114112K
  class space    used 2493K, committed 2752K, reserved 1048576K
}
Event: 13.905 GC heap before
{Heap before GC invocations=11 (full 0):
 garbage-first heap   total 65536K, used 23145K [0x00000000c1e00000, 0x0000000100000000)
  region size 1024K, 4 young (4096K), 3 survivors (3072K)
 Metaspace       used 22419K, committed 22848K, reserved 1114112K
  class space    used 2493K, committed 2752K, reserved 1048576K
}
Event: 13.912 GC heap after
{Heap after GC invocations=12 (full 0):
 garbage-first heap   total 65536K, used 21921K [0x00000000c1e00000, 0x0000000100000000)
  region size 1024K, 1 young (1024K), 1 survivors (1024K)
 Metaspace       used 22419K, committed 22848K, reserved 1114112K
  class space    used 2493K, committed 2752K, reserved 1048576K
}
Event: 14.574 GC heap before
{Heap before GC invocations=12 (full 0):
 garbage-first heap   total 65536K, used 50593K [0x00000000c1e00000, 0x0000000100000000)
  region size 1024K, 29 young (29696K), 1 survivors (1024K)
 Metaspace       used 23895K, committed 24320K, reserved 1114112K
  class space    used 2628K, committed 2816K, reserved 1048576K
}
Event: 14.577 GC heap after
{Heap after GC invocations=13 (full 0):
 garbage-first heap   total 65536K, used 22998K [0x00000000c1e00000, 0x0000000100000000)
  region size 1024K, 2 young (2048K), 2 survivors (2048K)
 Metaspace       used 23895K, committed 24320K, reserved 1114112K
  class space    used 2628K, committed 2816K, reserved 1048576K
}
Event: 15.120 GC heap before
{Heap before GC invocations=13 (full 0):
 garbage-first heap   total 65536K, used 50646K [0x00000000c1e00000, 0x0000000100000000)
  region size 1024K, 29 young (29696K), 2 survivors (2048K)
 Metaspace       used 25140K, committed 25600K, reserved 1114112K
  class space    used 2754K, committed 3008K, reserved 1048576K
}
Event: 15.124 GC heap after
{Heap after GC invocations=14 (full 0):
 garbage-first heap   total 65536K, used 23846K [0x00000000c1e00000, 0x0000000100000000)
  region size 1024K, 3 young (3072K), 3 survivors (3072K)
 Metaspace       used 25140K, committed 25600K, reserved 1114112K
  class space    used 2754K, committed 3008K, reserved 1048576K
}

