# JRE version: Java(TM) SE Runtime Environment (17.0.8+9) (build 17.0.8+9-LTS-211)
# Java VM: Java HotSpot(TM) 64-Bit Server VM (17.0.8+9-LTS-211, mixed mode, sharing, tiered, compressed oops, compressed class ptrs, g1 gc, windows-amd64)
GC Precious Log:
 CPUs: 4 total, 4 available
 Memory: 3970M
 Large Page Support: Disabled
 NUMA Support: Disabled
 Compressed Oops: Enabled (32-bit)
 Heap Region Size: 1M
 Heap Min Capacity: 8M
 Heap Initial Capacity: 64M
 Heap Max Capacity: 994M
 Pre-touch: Disabled
 Parallel Workers: 4
 Concurrent Workers: 1
 Concurrent Refinement Workers: 4
 Periodic GC: Disabled
Heap:
 garbage-first heap   total 65536K, used 36739K [0x00000000c1e00000, 0x0000000100000000)
  region size 1024K, 20 young (20480K), 5 survivors (5120K)
 Metaspace       used 23569K, committed 24000K, reserved 1114112K
  class space    used 2593K, committed 2816K, reserved 1048576K
GC Heap History (20 events):
Event: 16.946 GC heap before
{Heap before GC invocations=0 (full 0):
 garbage-first heap   total 65536K, used 17408K [0x00000000c1e00000, 0x0000000100000000)
  region size 1024K, 13 young (13312K), 0 survivors (0K)
 Metaspace       used 4101K, committed 4352K, reserved 1114112K
  class space    used 430K, committed 576K, reserved 1048576K
}
Event: 16.976 GC heap after
{Heap after GC invocations=1 (full 0):
 garbage-first heap   total 65536K, used 7420K [0x00000000c1e00000, 0x0000000100000000)
  region size 1024K, 2 young (2048K), 2 survivors (2048K)
 Metaspace       used 4101K, committed 4352K, reserved 1114112K
  class space    used 430K, committed 576K, reserved 1048576K
}
Event: 21.790 GC heap before
{Heap before GC invocations=1 (full 0):
 garbage-first heap   total 65536K, used 19708K [0x00000000c1e00000, 0x0000000100000000)
  region size 1024K, 15 young (15360K), 2 survivors (2048K)
 Metaspace       used 5607K, committed 5888K, reserved 1114112K
  class space    used 562K, committed 704K, reserved 1048576K
}
Event: 21.796 GC heap after
{Heap after GC invocations=2 (full 0):
 garbage-first heap   total 65536K, used 8535K [0x00000000c1e00000, 0x0000000100000000)
  region size 1024K, 1 young (1024K), 1 survivors (1024K)
 Metaspace       used 5607K, committed 5888K, reserved 1114112K
  class space    used 562K, committed 704K, reserved 1048576K
}
Event: 23.823 GC heap before
{Heap before GC invocations=2 (full 0):
 garbage-first heap   total 65536K, used 31063K [0x00000000c1e00000, 0x0000000100000000)
  region size 1024K, 24 young (24576K), 1 survivors (1024K)
 Metaspace       used 9603K, committed 9920K, reserved 1114112K
  class space    used 1076K, committed 1216K, reserved 1048576K
}
Event: 23.830 GC heap after
{Heap after GC invocations=3 (full 0):
 garbage-first heap   total 65536K, used 10139K [0x00000000c1e00000, 0x0000000100000000)
  region size 1024K, 3 young (3072K), 3 survivors (3072K)
 Metaspace       used 9603K, committed 9920K, reserved 1114112K
  class space    used 1076K, committed 1216K, reserved 1048576K
}
Event: 27.027 GC heap before
{Heap before GC invocations=3 (full 0):
 garbage-first heap   total 65536K, used 40859K [0x00000000c1e00000, 0x0000000100000000)
  region size 1024K, 34 young (34816K), 3 survivors (3072K)
 Metaspace       used 14672K, committed 15040K, reserved 1114112K
  class space    used 1717K, committed 1920K, reserved 1048576K
}
Event: 27.034 GC heap after
{Heap after GC invocations=4 (full 0):
 garbage-first heap   total 65536K, used 11961K [0x00000000c1e00000, 0x0000000100000000)
  region size 1024K, 5 young (5120K), 5 survivors (5120K)
 Metaspace       used 14672K, committed 15040K, reserved 1114112K
  class space    used 1717K, committed 1920K, reserved 1048576K
}
Event: 30.729 GC heap before
{Heap before GC invocations=4 (full 0):
 garbage-first heap   total 65536K, used 45753K [0x00000000c1e00000, 0x0000000100000000)
  region size 1024K, 38 young (38912K), 5 survivors (5120K)
 Metaspace       used 19200K, committed 19520K, reserved 1114112K
  class space    used 2239K, committed 2368K, reserved 1048576K
}
Event: 30.753 GC heap after
{Heap after GC invocations=5 (full 0):
 garbage-first heap   total 65536K, used 14849K [0x00000000c1e00000, 0x0000000100000000)
  region size 1024K, 5 young (5120K), 5 survivors (5120K)
 Metaspace       used 19200K, committed 19520K, reserved 1114112K
  class space    used 2239K, committed 2368K, reserved 1048576K
}
Event: 32.182 GC heap before
{Heap before GC invocations=5 (full 0):
 garbage-first heap   total 65536K, used 46593K [0x00000000c1e00000, 0x0000000100000000)
  region size 1024K, 36 young (36864K), 5 survivors (5120K)
 Metaspace       used 19513K, committed 19776K, reserved 1114112K
  class space    used 2245K, committed 2368K, reserved 1048576K
}
Event: 32.194 GC heap after
{Heap after GC invocations=6 (full 0):
 garbage-first heap   total 65536K, used 16640K [0x00000000c1e00000, 0x0000000100000000)
  region size 1024K, 2 young (2048K), 2 survivors (2048K)
 Metaspace       used 19513K, committed 19776K, reserved 1114112K
  class space    used 2245K, committed 2368K, reserved 1048576K
}
Event: 33.526 GC heap before
{Heap before GC invocations=6 (full 0):
 garbage-first heap   total 65536K, used 48384K [0x00000000c1e00000, 0x0000000100000000)
  region size 1024K, 33 young (33792K), 2 survivors (2048K)
 Metaspace       used 19805K, committed 20160K, reserved 1114112K
  class space    used 2248K, committed 2432K, reserved 1048576K
}
Event: 33.531 GC heap after
{Heap after GC invocations=7 (full 0):
 garbage-first heap   total 65536K, used 18217K [0x00000000c1e00000, 0x0000000100000000)
  region size 1024K, 4 young (4096K), 4 survivors (4096K)
 Metaspace       used 19805K, committed 20160K, reserved 1114112K
  class space    used 2248K, committed 2432K, reserved 1048576K
}
Event: 34.576 GC heap before
{Heap before GC invocations=7 (full 0):
 garbage-first heap   total 65536K, used 48937K [0x00000000c1e00000, 0x0000000100000000)
  region size 1024K, 34 young (34816K), 4 survivors (4096K)
 Metaspace       used 20267K, committed 20608K, reserved 1114112K
  class space    used 2270K, committed 2496K, reserved 1048576K
}
Event: 34.584 GC heap after
{Heap after GC invocations=8 (full 0):
 garbage-first heap   total 65536K, used 19951K [0x00000000c1e00000, 0x0000000100000000)
  region size 1024K, 4 young (4096K), 4 survivors (4096K)
 Metaspace       used 20267K, committed 20608K, reserved 1114112K
  class space    used 2270K, committed 2496K, reserved 1048576K
}
Event: 35.411 GC heap before
{Heap before GC invocations=8 (full 0):
 garbage-first heap   total 65536K, used 33263K [0x00000000c1e00000, 0x0000000100000000)
  region size 1024K, 18 young (18432K), 4 survivors (4096K)
 Metaspace       used 21167K, committed 21504K, reserved 1114112K
  class space    used 2378K, committed 2560K, reserved 1048576K
}
Event: 35.424 GC heap after
{Heap after GC invocations=9 (full 0):
 garbage-first heap   total 65536K, used 20753K [0x00000000c1e00000, 0x0000000100000000)
  region size 1024K, 3 young (3072K), 3 survivors (3072K)
 Metaspace       used 21167K, committed 21504K, reserved 1114112K
  class space    used 2378K, committed 2560K, reserved 1048576K
}
Event: 45.903 GC heap before
{Heap before GC invocations=10 (full 0):
 garbage-first heap   total 65536K, used 50449K [0x00000000c1e00000, 0x0000000100000000)
  region size 1024K, 33 young (33792K), 3 survivors (3072K)
 Metaspace       used 22476K, committed 22848K, reserved 1114112K
  class space    used 2492K, committed 2688K, reserved 1048576K
}
Event: 45.914 GC heap after
{Heap after GC invocations=11 (full 0):
 garbage-first heap   total 65536K, used 22403K [0x00000000c1e00000, 0x0000000100000000)
  region size 1024K, 5 young (5120K), 5 survivors (5120K)
 Metaspace       used 22476K, committed 22848K, reserved 1114112K
  class space    used 2492K, committed 2688K, reserved 1048576K
}

