<?xml version="1.0" encoding="UTF-8"?>
<testng-results ignored="0" total="1" passed="1" failed="0" skipped="0">
  <reporter-output>
  </reporter-output>
  <suite started-at="2024-01-13T14:22:47 IST" name="Suite" finished-at="2024-01-13T14:23:13 IST" duration-ms="26171">
    <groups>
    </groups>
    <test started-at="2024-01-13T14:22:47 IST" name="EdgeTest" finished-at="2024-01-13T14:23:13 IST" duration-ms="26076">
      <class name="day28.LogIn">
        <test-method is-config="true" signature="setup()[pri:0, instance:day28.LogIn@38d8f54a]" started-at="2024-01-13T14:22:47 IST" name="setup" finished-at="2024-01-13T14:22:47 IST" duration-ms="36" status="PASS">
          <reporter-output>
          </reporter-output>
        </test-method> <!-- setup -->
        <test-method is-config="true" signature="lunchBroswer(java.lang.String,java.lang.String)[pri:0, instance:day28.LogIn@38d8f54a]" started-at="2024-01-13T14:22:50 IST" name="lunchBroswer" finished-at="2024-01-13T14:23:06 IST" duration-ms="16604" status="PASS">
          <params>
            <param index="0">
              <value>
                <![CDATA[chrome]]>
              </value>
            </param>
            <param index="1">
              <value>
                <![CDATA[https://demowebshop.tricentis.com/]]>
              </value>
            </param>
          </params>
          <reporter-output>
          </reporter-output>
        </test-method> <!-- lunchBroswer -->
        <test-method signature="loginTest(java.lang.String,java.lang.String)[pri:0, instance:day28.LogIn@38d8f54a]" started-at="2024-01-13T14:23:06 IST" name="loginTest" data-provider="getData" finished-at="2024-01-13T14:23:13 IST" duration-ms="6455" status="PASS">
          <params>
            <param index="0">
              <value>
                <![CDATA[leema123@gmail.com]]>
              </value>
            </param>
            <param index="1">
              <value>
                <![CDATA[Leema@123]]>
              </value>
            </param>
          </params>
          <reporter-output>
          </reporter-output>
        </test-method> <!-- loginTest -->
        <test-method is-config="true" signature="closeBrowser()[pri:0, instance:day28.LogIn@38d8f54a]" started-at="2024-01-13T14:23:13 IST" name="closeBrowser" finished-at="2024-01-13T14:23:13 IST" duration-ms="322" status="PASS">
          <reporter-output>
          </reporter-output>
        </test-method> <!-- closeBrowser -->
      </class> <!-- day28.LogIn -->
    </test> <!-- EdgeTest -->
    <test started-at="2024-01-13T14:23:13 IST" name="ChromeTest" finished-at="2024-01-13T14:23:13 IST" duration-ms="0">
    </test> <!-- ChromeTest -->
  </suite> <!-- Suite -->
</testng-results>
